TN:
SF:src/modules/shared/errors/AppError.ts
FN:5,AppError
FNF:1
FNH:1
FNDA:1,AppError
DA:1,1
DA:2,1
DA:3,1
DA:4,1
DA:5,1
DA:6,1
DA:7,1
DA:8,1
DA:9,1
LF:9
LH:9
BRDA:1,0,0,1
BRDA:5,1,0,1
BRF:2
BRH:2
end_of_record
TN:
SF:src/modules/users/infra/typeorm/entities/User.ts
FN:4,User
FNF:1
FNH:1
FNDA:2,User
DA:1,1
DA:2,1
DA:3,1
DA:4,2
DA:5,2
DA:6,2
DA:7,2
DA:8,2
DA:9,2
DA:10,2
DA:11,2
DA:12,2
DA:13,2
DA:14,2
DA:15,2
DA:16,2
DA:17,2
DA:18,2
DA:19,2
DA:20,2
DA:21,2
DA:22,1
LF:22
LH:22
BRDA:4,0,0,1
BRDA:4,1,0,2
BRF:2
BRH:2
end_of_record
TN:
SF:src/modules/users/repositories/fakes/FakeUserRepository.ts
FN:12,FakeUserRepository
FN:15,Object.<anonymous>.FakeUserRepository.create
FN:33,Object.<anonymous>.FakeUserRepository.findByEmail
FNF:3
FNH:3
FNDA:2,FakeUserRepository
FNDA:2,Object.<anonymous>.FakeUserRepository.create
FNDA:3,Object.<anonymous>.FakeUserRepository.findByEmail
DA:1,1
DA:2,1
DA:3,1
DA:4,1
DA:5,1
DA:6,1
DA:7,1
DA:8,1
DA:9,1
DA:10,1
DA:11,1
DA:12,2
DA:13,2
DA:14,2
DA:15,2
DA:16,2
DA:17,2
DA:18,2
DA:19,2
DA:20,2
DA:21,2
DA:22,2
DA:23,2
DA:24,2
DA:25,2
DA:26,2
DA:27,2
DA:28,2
DA:29,2
DA:30,2
DA:31,2
DA:32,2
DA:33,2
DA:34,3
DA:35,3
DA:36,3
DA:37,2
LF:37
LH:37
BRDA:12,0,0,1
BRDA:12,1,0,2
BRDA:15,2,0,2
BRDA:33,3,0,3
BRDA:34,4,0,1
BRF:5
BRH:5
end_of_record
TN:
SF:src/modules/users/services/CreateUserService.ts
FN:13,CreateUserService
FN:14,Object.<anonymous>.CreateUserService.execute
FNF:2
FNH:2
FNDA:2,CreateUserService
FNDA:3,Object.<anonymous>.CreateUserService.execute
DA:1,1
DA:2,1
DA:3,1
DA:4,1
DA:5,1
DA:6,1
DA:7,1
DA:8,1
DA:9,1
DA:10,1
DA:11,1
DA:12,1
DA:13,1
DA:14,1
DA:15,3
DA:16,3
DA:17,3
DA:18,3
DA:19,3
DA:20,3
DA:21,1
DA:22,1
DA:23,2
DA:24,3
DA:25,1
LF:25
LH:25
BRDA:12,0,0,1
BRDA:13,1,0,2
BRDA:14,2,0,3
BRDA:19,3,0,3
BRDA:20,4,0,1
BRDA:23,5,0,2
BRDA:23,6,0,2
BRF:7
BRH:7
end_of_record
